[debug] ----------------------------------------------------------------------
[debug] Command:      /usr/local/bin/node /usr/local/bin/firebase serve
[debug] CLI Version:  3.6.1
[debug] Platform:     darwin
[debug] Node Version: v6.10.2
[debug] Time:         Mon May 01 2017 19:40:09 GMT-0500 (CDT)
[debug] ----------------------------------------------------------------------
[debug] 
[debug] > command requires scopes: ["email","openid","https://www.googleapis.com/auth/cloudplatformprojects.readonly","https://www.googleapis.com/auth/firebase","https://www.googleapis.com/auth/cloud-platform"]
[debug] >>> HTTP REQUEST GET https://admin.firebase.com/v1/projects/locomotive-tracker  
 Mon May 01 2017 19:40:09 GMT-0500 (CDT)
[debug] <<< HTTP RESPONSE 200
[debug] >>> HTTP REQUEST GET https://admin.firebase.com/v1/database/locomotive-tracker/tokens  
 Mon May 01 2017 19:40:10 GMT-0500 (CDT)
[debug] <<< HTTP RESPONSE 200
[info] Starting Firebase development server...
[info] 
[info] Project Directory: /Users/Chris/Projects/Demo-Nitrous
[debug] >>> HTTP REQUEST GET https://cloudresourcemanager.googleapis.com/v1/projects/locomotive-tracker  
 Mon May 01 2017 19:40:10 GMT-0500 (CDT)
[debug] <<< HTTP RESPONSE 200
[debug] >>> HTTP REQUEST GET https://mobilesdk-pa.googleapis.com/v1/projects/476621591712/clients/_:getWebAppConfig  
 Mon May 01 2017 19:40:11 GMT-0500 (CDT)
[debug] <<< HTTP RESPONSE 200
[info] Public Directory: /
[info] 
[info] Server listening at: http://localhost:5000
